Using pre-set license
Built from '2020.3/release' branch; Version is '2020.3.2f1 (8fd9074bf66c) revision 9427207'; Using compiler version '192528614'; Build Type 'Release'
OS: 'Windows 10 Home Single Language; OS build 22000.282; Version 2009; 64bit' Language: 'en' Physical Memory: 8078 MB
BatchMode: 1, IsHumanControllingUs: 0, StartBugReporterOnCrash: 0, Is64bit: 1, IsPro: 0

 COMMAND LINE ARGUMENTS:
D:\Unity\Editor\2020.3.2f1\Editor\Unity.exe
-adb2
-batchMode
-noUpm
-name
AssetImportWorker3
-projectPath
D:/Documents/Projek Unity/Dilo Academy/Incremental Game
-logFile
Logs/AssetImportWorker3.log
-srvPort
56088
Successfully changed project path to: D:/Documents/Projek Unity/Dilo Academy/Incremental Game
D:/Documents/Projek Unity/Dilo Academy/Incremental Game
Using Asset Import Pipeline V2.
Refreshing native plugins compatible for Editor in 46.80 ms, found 1 plugins.
Preloading 0 native plugins for Editor in 0.00 ms.
Initialize engine version: 2020.3.2f1 (8fd9074bf66c)
[Subsystems] Discovering subsystems at path D:/Unity/Editor/2020.3.2f1/Editor/Data/Resources/UnitySubsystems
[Subsystems] Discovering subsystems at path D:/Documents/Projek Unity/Dilo Academy/Incremental Game/Assets
GfxDevice: creating device client; threaded=0
Direct3D:
    Version:  Direct3D 11.0 [level 11.0]
    Renderer: NVIDIA GeForce 930MX (ID=0x134e)
    Vendor:   
    VRAM:     2010 MB
    Driver:   27.21.14.5167
Initialize mono
Mono path[0] = 'D:/Unity/Editor/2020.3.2f1/Editor/Data/Managed'
Mono path[1] = 'D:/Unity/Editor/2020.3.2f1/Editor/Data/MonoBleedingEdge/lib/mono/unityjit'
Mono config path = 'D:/Unity/Editor/2020.3.2f1/Editor/Data/MonoBleedingEdge/etc'
Using monoOptions --debugger-agent=transport=dt_socket,embedding=1,server=y,suspend=n,address=127.0.0.1:56588
Begin MonoManager ReloadAssembly
Registering precompiled unity dll's ...
Register platform support module: D:/Unity/Editor/2020.3.2f1/Editor/Data/PlaybackEngines/WindowsStandaloneSupport/UnityEditor.WindowsStandalone.Extensions.dll
Registered in 0.001500 seconds.
Native extension for WindowsStandalone target not found
Refreshing native plugins compatible for Editor in 62.69 ms, found 1 plugins.
Preloading 0 native plugins for Editor in 0.00 ms.
Invoked RoslynAnalysisRunner static constructor.
RoslynAnalysisRunner will not be running.
RoslynAnalysisRunner has terminated.
Mono: successfully reloaded assembly
- Completed reload, in  4.304 seconds
Platform modules already initialized, skipping
Registering precompiled user dll's ...
Registered in 0.001450 seconds.
Begin MonoManager ReloadAssembly
Native extension for WindowsStandalone target not found
Refreshing native plugins compatible for Editor in 73.61 ms, found 1 plugins.
Preloading 0 native plugins for Editor in 0.00 ms.
Invoked RoslynAnalysisRunner static constructor.
RoslynAnalysisRunner will not be running.
RoslynAnalysisRunner has terminated.
Mono: successfully reloaded assembly
- Completed reload, in  3.091 seconds
Platform modules already initialized, skipping
========================================================================
Worker process is ready to serve import requests
Launched and connected shader compiler UnityShaderCompiler.exe after 0.48 seconds
Refreshing native plugins compatible for Editor in 0.63 ms, found 1 plugins.
Preloading 0 native plugins for Editor in 0.00 ms.
Unloading 1814 Unused Serialized files (Serialized files now loaded: 0)
System memory in use before: 85.1 MB.
System memory in use after: 85.0 MB.

Unloading 24 unused Assets to reduce memory usage. Loaded Objects now: 2258.
Total: 3.796700 ms (FindLiveObjects: 0.370100 ms CreateObjectMapping: 0.154900 ms MarkObjects: 3.086700 ms  DeleteObjects: 0.183100 ms)

========================================================================
Received Import Request.
  path: Assets/Prefabs/Resource UI.prefab
  artifactKey: Guid(b0de0bd183c598b49927e8692401428b) Importer(815301076,1909f56bfc062723c751e8b465ee728b)
Start importing Assets/Prefabs/Resource UI.prefab using Guid(b0de0bd183c598b49927e8692401428b) Importer(815301076,1909f56bfc062723c751e8b465ee728b)  -> (artifact id: '502c5dffa42e7af864cbb8f8554f25c4') in 1.695892 seconds
  Import took 1.817621 seconds .

========================================================================
Received Prepare
Registering precompiled user dll's ...
Registered in 0.001588 seconds.
Begin MonoManager ReloadAssembly
Native extension for WindowsStandalone target not found
Refreshing native plugins compatible for Editor in 0.94 ms, found 1 plugins.
Preloading 0 native plugins for Editor in 0.00 ms.
Invoked RoslynAnalysisRunner static constructor.
RoslynAnalysisRunner will not be running.
RoslynAnalysisRunner has terminated.
Mono: successfully reloaded assembly
- Completed reload, in  2.637 seconds
Platform modules already initialized, skipping
Refreshing native plugins compatible for Editor in 0.45 ms, found 1 plugins.
Preloading 0 native plugins for Editor in 0.00 ms.
Unloading 1809 Unused Serialized files (Serialized files now loaded: 0)
System memory in use before: 85.1 MB.
System memory in use after: 85.1 MB.

Unloading 12 unused Assets to reduce memory usage. Loaded Objects now: 2264.
Total: 4.003700 ms (FindLiveObjects: 0.226800 ms CreateObjectMapping: 0.085000 ms MarkObjects: 3.539000 ms  DeleteObjects: 0.150500 ms)

========================================================================
Received Import Request.
  Time since last request: 429.872454 seconds.
  path: Assets/Scripts/Achievment
  artifactKey: Guid(1f728434d30705e4ea14a29006d08e17) Importer(815301076,1909f56bfc062723c751e8b465ee728b)
Start importing Assets/Scripts/Achievment using Guid(1f728434d30705e4ea14a29006d08e17) Importer(815301076,1909f56bfc062723c751e8b465ee728b)  -> (artifact id: '2c4b4fb1696c49169b80bf029ed2391a') in 0.064104 seconds
  Import took 0.094001 seconds .

========================================================================
Received Import Request.
  Time since last request: 18.398369 seconds.
  path: Assets/Scripts/Achievment/AchievementController.cs
  artifactKey: Guid(7bbac7cf81a581642bbd7ed30e935eee) Importer(815301076,1909f56bfc062723c751e8b465ee728b)
Start importing Assets/Scripts/Achievment/AchievementController.cs using Guid(7bbac7cf81a581642bbd7ed30e935eee) Importer(815301076,1909f56bfc062723c751e8b465ee728b)  -> (artifact id: 'f3fe8b4772359d393f1c00beb0dcd57a') in 0.056297 seconds
  Import took 0.067291 seconds .

========================================================================
Received Prepare
Registering precompiled user dll's ...
Registered in 0.023446 seconds.
Begin MonoManager ReloadAssembly
Native extension for WindowsStandalone target not found
Refreshing native plugins compatible for Editor in 0.44 ms, found 1 plugins.
Preloading 0 native plugins for Editor in 0.00 ms.
Invoked RoslynAnalysisRunner static constructor.
RoslynAnalysisRunner will not be running.
RoslynAnalysisRunner has terminated.
Mono: successfully reloaded assembly
- Completed reload, in  1.013 seconds
Platform modules already initialized, skipping
Refreshing native plugins compatible for Editor in 0.52 ms, found 1 plugins.
Preloading 0 native plugins for Editor in 0.00 ms.
Unloading 1810 Unused Serialized files (Serialized files now loaded: 0)
System memory in use before: 85.1 MB.
System memory in use after: 85.1 MB.

Unloading 12 unused Assets to reduce memory usage. Loaded Objects now: 2269.
Total: 2.563000 ms (FindLiveObjects: 0.206100 ms CreateObjectMapping: 0.089500 ms MarkObjects: 2.123500 ms  DeleteObjects: 0.142200 ms)

========================================================================
Received Import Request.
  Time since last request: 256.917699 seconds.
  path: Assets/Scripts/UI/AchievementUI.cs
  artifactKey: Guid(f89906c36698c1b479cb35a99c5c3586) Importer(815301076,1909f56bfc062723c751e8b465ee728b)
Start importing Assets/Scripts/UI/AchievementUI.cs using Guid(f89906c36698c1b479cb35a99c5c3586) Importer(815301076,1909f56bfc062723c751e8b465ee728b)  -> (artifact id: 'e05d2974d03fc766211acdad8784cb39') in 0.084360 seconds
  Import took 0.611217 seconds .

========================================================================
Received Prepare
Registering precompiled user dll's ...
Registered in 0.000924 seconds.
Begin MonoManager ReloadAssembly
Native extension for WindowsStandalone target not found
Refreshing native plugins compatible for Editor in 0.41 ms, found 1 plugins.
Preloading 0 native plugins for Editor in 0.00 ms.
Invoked RoslynAnalysisRunner static constructor.
RoslynAnalysisRunner will not be running.
RoslynAnalysisRunner has terminated.
Mono: successfully reloaded assembly
- Completed reload, in  1.042 seconds
Platform modules already initialized, skipping
Refreshing native plugins compatible for Editor in 0.37 ms, found 1 plugins.
Preloading 0 native plugins for Editor in 0.00 ms.
Unloading 1811 Unused Serialized files (Serialized files now loaded: 0)
System memory in use before: 85.2 MB.
System memory in use after: 85.2 MB.

Unloading 12 unused Assets to reduce memory usage. Loaded Objects now: 2274.
Total: 11.125300 ms (FindLiveObjects: 0.373400 ms CreateObjectMapping: 1.111700 ms MarkObjects: 9.506600 ms  DeleteObjects: 0.132000 ms)

========================================================================
Received Prepare
Registering precompiled user dll's ...
Registered in 0.011288 seconds.
Begin MonoManager ReloadAssembly
Native extension for WindowsStandalone target not found
Refreshing native plugins compatible for Editor in 0.42 ms, found 1 plugins.
Preloading 0 native plugins for Editor in 0.00 ms.
Invoked RoslynAnalysisRunner static constructor.
RoslynAnalysisRunner will not be running.
RoslynAnalysisRunner has terminated.
Mono: successfully reloaded assembly
- Completed reload, in  0.916 seconds
Platform modules already initialized, skipping
Refreshing native plugins compatible for Editor in 0.38 ms, found 1 plugins.
Preloading 0 native plugins for Editor in 0.00 ms.
Unloading 1811 Unused Serialized files (Serialized files now loaded: 0)
System memory in use before: 85.2 MB.
System memory in use after: 85.2 MB.

Unloading 12 unused Assets to reduce memory usage. Loaded Objects now: 2278.
Total: 2.481100 ms (FindLiveObjects: 0.222300 ms CreateObjectMapping: 0.080100 ms MarkObjects: 2.029700 ms  DeleteObjects: 0.148000 ms)

========================================================================
Received Import Request.
  Time since last request: 985.555074 seconds.
  path: Assets/Scripts/UI/AchievementUI.cs
  artifactKey: Guid(f89906c36698c1b479cb35a99c5c3586) Importer(815301076,1909f56bfc062723c751e8b465ee728b)
Start importing Assets/Scripts/UI/AchievementUI.cs using Guid(f89906c36698c1b479cb35a99c5c3586) Importer(815301076,1909f56bfc062723c751e8b465ee728b)  -> (artifact id: '9a1b0dacec9ae0252400eed7806079d0') in 0.007215 seconds
  Import took 0.030382 seconds .

========================================================================
Received Prepare
Registering precompiled user dll's ...
Registered in 0.000867 seconds.
Begin MonoManager ReloadAssembly
Native extension for WindowsStandalone target not found
Refreshing native plugins compatible for Editor in 0.48 ms, found 1 plugins.
Preloading 0 native plugins for Editor in 0.00 ms.
Invoked RoslynAnalysisRunner static constructor.
RoslynAnalysisRunner will not be running.
RoslynAnalysisRunner has terminated.
Mono: successfully reloaded assembly
- Completed reload, in  1.215 seconds
Platform modules already initialized, skipping
Refreshing native plugins compatible for Editor in 0.47 ms, found 1 plugins.
Preloading 0 native plugins for Editor in 0.00 ms.
Unloading 1811 Unused Serialized files (Serialized files now loaded: 0)
System memory in use before: 85.2 MB.
System memory in use after: 85.2 MB.

Unloading 12 unused Assets to reduce memory usage. Loaded Objects now: 2282.
Total: 3.085900 ms (FindLiveObjects: 0.402000 ms CreateObjectMapping: 0.104500 ms MarkObjects: 2.446000 ms  DeleteObjects: 0.131800 ms)

========================================================================
Received Prepare
Registering precompiled user dll's ...
Registered in 0.000830 seconds.
Begin MonoManager ReloadAssembly
Native extension for WindowsStandalone target not found
Refreshing native plugins compatible for Editor in 0.36 ms, found 1 plugins.
Preloading 0 native plugins for Editor in 0.00 ms.
Invoked RoslynAnalysisRunner static constructor.
RoslynAnalysisRunner will not be running.
RoslynAnalysisRunner has terminated.
Mono: successfully reloaded assembly
- Completed reload, in  0.994 seconds
Platform modules already initialized, skipping
Refreshing native plugins compatible for Editor in 0.38 ms, found 1 plugins.
Preloading 0 native plugins for Editor in 0.00 ms.
Unloading 1811 Unused Serialized files (Serialized files now loaded: 0)
System memory in use before: 85.3 MB.
System memory in use after: 85.2 MB.

Unloading 12 unused Assets to reduce memory usage. Loaded Objects now: 2286.
Total: 2.983300 ms (FindLiveObjects: 0.403200 ms CreateObjectMapping: 0.223800 ms MarkObjects: 2.220500 ms  DeleteObjects: 0.134000 ms)

